<?xml version="1.0" encoding="UTF-8"?>
<testng-results ignored="0" total="1" passed="1" failed="0" skipped="0">
  <reporter-output>
  </reporter-output>
  <suite started-at="2023-07-18T14:07:41 IST" name="Default suite" finished-at="2023-07-18T14:07:57 IST" duration-ms="16573">
    <groups>
    </groups>
    <test started-at="2023-07-18T14:07:41 IST" name="Default test" finished-at="2023-07-18T14:07:57 IST" duration-ms="16573">
      <class name="com.hashtag.testcases.TC_hashtagQAE">
        <test-method is-config="true" signature="setup()[pri:0, instance:com.hashtag.testcases.TC_hashtagQAE@14028087]" started-at="2023-07-18T14:07:41 IST" name="setup" finished-at="2023-07-18T14:07:49 IST" duration-ms="8175" status="PASS">
          <reporter-output>
          </reporter-output>
        </test-method> <!-- setup -->
        <test-method signature="verifyApplyNow()[pri:0, instance:com.hashtag.testcases.TC_hashtagQAE@14028087]" started-at="2023-07-18T14:07:49 IST" name="verifyApplyNow" finished-at="2023-07-18T14:07:57 IST" duration-ms="8295" status="PASS">
          <reporter-output>
          </reporter-output>
        </test-method> <!-- verifyApplyNow -->
        <test-method is-config="true" signature="Quit()[pri:0, instance:com.hashtag.testcases.TC_hashtagQAE@14028087]" started-at="2023-07-18T14:07:57 IST" name="Quit" finished-at="2023-07-18T14:07:57 IST" duration-ms="1" status="PASS">
          <reporter-output>
          </reporter-output>
        </test-method> <!-- Quit -->
      </class> <!-- com.hashtag.testcases.TC_hashtagQAE -->
    </test> <!-- Default test -->
  </suite> <!-- Default suite -->
</testng-results>
